20006.485783999775   ,   0.36  the time consuming in SXY is 500.781521320343. cost=75848.57465999929 time is 0 
At time 0, eval_bal=20002.83754849978,eval_mig = 0.635  
		 the different array is = (array([42739, 42739]), array([ 505, 3981])) 
		 the time consuming in SXY is 480.9790229797363. cost_min =75846.6563509993  
At time 1, eval_bal=17862.028754999847,eval_mig = 3.7600000000000002  
		 the different array is = (array([13936, 13936, 28811, 28811, 45592, 45592, 56612, 56612]), array([3285, 3986, 1934, 3978, 1934, 3978,  759, 3614])) 
		 the time consuming in SXY is 495.2384784221649. cost_min =71582.18978399984  
At time 2, eval_bal=17862.14233700007,eval_mig = 0.36  
		 the different array is = (array([48102, 48102]), array([2500, 3975])) 
		 the time consuming in SXY is 522.7727310657501. cost_min =71627.88874000021  
At time 0, eval_bal=19996.07361699977,eval_mig = 1.065  
		 the different array is = (array([17537, 17537, 56612, 56612]), array([1702, 3975,  759, 3981])) 
		 the time consuming in SXY is 478.06030321121216. cost_min =75821.02093799927  
At time 1, eval_bal=17854.469779999836,eval_mig = 2.58  
		 the different array is = (array([45592, 45592]), array([1934, 3978])) 
		 the time consuming in SXY is 482.8378231525421. cost_min =71525.99859999982  
At time 2, eval_bal=17861.57557200007,eval_mig = 0.36  
		 the different array is = (array([48102, 48102]), array([2500, 3967])) 
		 the time consuming in SXY is 475.2951486110687. cost_min =71642.77971500019  
At time 3, eval_bal=17933.61228250003,eval_mig = 0.7849999999999999  
		 the different array is = (array([30106, 30106, 44538, 44538]), array([3150, 3986, 2644, 3975])) 
		 the time consuming in SXY is 481.23725390434265. cost_min =71386.55911900074  
At time 4, eval_bal=17726.062047000327,eval_mig = 1.3  
		 the different array is = (array([  161,   161, 56867, 56867, 59884, 59884]), array([2901, 3680, 1136, 3882, 1478, 3271])) 
		 the time consuming in SXY is 479.91570711135864. cost_min =83146.83794500065  
At time 5, eval_bal=23752.94241749999,eval_mig = 4.545  
		 the different array is = (array([17217, 17217, 49285, 49285, 53958, 53958, 58200, 58200]), array([ 554, 3981,  154, 3861, 2064, 2898,  434, 2898])) 
		 the time consuming in SXY is 473.6618905067444. cost_min =105641.23888999998  
At time 6, eval_bal=28947.57044900002,eval_mig = 2.2350000000000003  
		 the different array is = (array([15360, 15360, 27260, 27260, 27698, 27698, 52274, 52274]), array([2011, 3067,  466, 3986, 1040, 3965, 1761, 3929])) 
		 the time consuming in SXY is 474.67264914512634. cost_min =132522.0113879993  
At time 7, eval_bal=37174.94793149961,eval_mig = 6.715  
		 the different array is = (array([  161,   161,  5901,  5901, 12780, 12780, 14788, 14788, 21077,
       21077, 28107, 28107, 38881, 38881, 46259, 46259, 55087, 55087,
       59786, 59786, 60172, 60172, 62485, 62485]), array([3680, 3715, 2485, 3715, 1957, 3872,  999, 2346, 1684, 3941,  464,
       3550,  731, 3967,  311, 3966, 3830, 3872, 2298, 3932, 2203, 3982,
       1956, 3966])) 
		 the time consuming in SXY is 469.791955947876. cost_min =176623.26055999834  
At time 8, eval_bal=50976.567815999544,eval_mig = 0.0  
		 the different array is = (array([], dtype=int64), array([], dtype=int64)) 
		 the time consuming in SXY is 469.5828015804291. cost_min =208222.59619300033  
At time 9, eval_bal=52856.29332499993,eval_mig = 27.205000000000002  
		 the different array is = (array([  842,   842,  2401,  2401,  3996,  3996,  5107,  5107,  5711,
        5711, 12561, 12561, 12877, 12877, 14381, 14381, 16548, 16548,
       18689, 18689, 19103, 19103, 20223, 20223, 20275, 20275, 28643,
       28643, 29560, 29560, 29909, 29909, 29925, 29925, 31906, 31906,
       32277, 32277, 39190, 39190, 39572, 39572, 39795, 39795, 41655,
       41655, 43907, 43907, 47562, 47562, 49027, 49027, 51024, 51024,
       51922, 51922, 53627, 53627, 55839, 55839, 56068, 56068, 56345,
       56345, 56750, 56750, 57091, 57091, 57668, 57668, 60005, 60005,
       63291, 63291, 66381, 66381]), array([2888, 3950, 2173, 3861,  726, 3976,  680, 3861, 2790, 3976, 1030,
       3861, 3846, 3968,  164, 3968,  807, 3982,  779, 3861,  237, 3871,
        486, 3965, 3476, 3968, 2781, 3861, 2867, 3982, 2064, 3861, 3371,
       3968, 1757, 2944, 3592, 3965,  180, 2965, 2870, 3861,  691, 3950,
       2841, 3982, 3584, 3976, 1079, 2965,  807, 3950, 2965, 3717, 3744,
       3861,  466, 3976, 2965, 3266,  892, 3976, 2888, 3950, 3502, 3861,
        447, 3861,  756, 3976,  892, 3922, 2102, 3968, 3217, 3950])) 
		 the time consuming in SXY is 473.92117047309875. cost_min =224911.4565619995  
At time 10, eval_bal=58817.64813999987,eval_mig = 19.614999999999995  
		 the different array is = (array([   83,    83, 11967, 11967, 14071, 14071, 15548, 15548, 18268,
       18268, 18678, 18678, 23760, 23760, 26099, 26099, 26755, 26755,
       27387, 27387, 27411, 27411, 30106, 30106, 32287, 32287, 32372,
       32372, 35152, 35152, 37479, 37479, 39486, 39486, 40152, 40152,
       43554, 43554, 44679, 44679, 45998, 45998, 47230, 47230, 48172,
       48172, 51153, 51153, 51749, 51749, 51846, 51846, 52741, 52741,
       54646, 54646, 56025, 56025, 58171, 58171, 62359, 62359]), array([1487, 3796, 1421, 3796, 3785, 3980, 2506, 3785, 3428, 3785,  117,
       3796,  965, 3842,  448, 3961,  767, 3979, 3530, 3796, 2621, 3850,
       3842, 3986, 1773, 3785,  726, 3979, 3846, 3957, 2892, 3664,  401,
       3785, 1584, 3961, 1600, 2892,  721, 3967,  861, 3979, 1581, 3796,
       1806, 3979,   13, 3785, 2736, 3957, 1025, 3842,  125, 3967,  767,
       3957,  820, 3796,  125, 3785, 1749, 3961])) 
		 the time consuming in SXY is 495.7556309700012. cost_min =217408.05382000003  
At time 11, eval_bal=49332.87914950015,eval_mig = 9.579999999999998  
		 the different array is = (array([ 4407,  4407,  5155,  5155,  7057,  7057,  7146,  7146,  9225,
        9225, 12561, 12561, 16599, 16599, 18206, 18206, 26893, 26893,
       27843, 27843, 29909, 29909, 32372, 32372, 46888, 46888, 48102,
       48102, 51153, 51153, 53655, 53655, 56300, 56300, 60573, 60573]), array([1790, 3986,  237, 3907, 2996, 3986,  227, 3619, 2648, 3986, 3861,
       3965, 1956, 3965, 1817, 3986, 2340, 3804, 1907, 3839, 3619, 3861,
       3907, 3979, 3870, 3965, 3839, 3967, 3785, 3907, 1584, 3965, 2281,
       3804,  902, 3804])) 
		 the time consuming in SXY is 474.40598130226135. cost_min =189733.9171769995  
At time 12, eval_bal=45206.87615449965,eval_mig = 9.785  
		 the different array is = (array([  842,   842, 21433, 21433, 25512, 25512, 29171, 29171, 59028,
       59028]), array([3614, 3950, 2867, 3956, 2876, 3797,    6, 3956, 2996, 3975])) 
		 the time consuming in SXY is 473.5738949775696. cost_min =186070.5532259997  
At time 13, eval_bal=47557.339833500206,eval_mig = 5.505  
		 the different array is = (array([ 4717,  4717, 13991, 13991, 14793, 14793, 16753, 16753, 16943,
       16943, 19722, 19722, 26755, 26755, 27585, 27585, 56612, 56612]), array([2944, 3898,  237, 3893, 2511, 3256, 2944, 3959, 2052, 3007, 1550,
       3946, 3776, 3979, 1288, 3986, 3981, 3986])) 
		 the time consuming in SXY is 467.4207866191864. cost_min =110781.71561600034  
At time 14, eval_bal=7745.7022144999655,eval_mig = 0.0  
		 the different array is = (array([], dtype=int64), array([], dtype=int64)) 
		 the time consuming in SXY is 480.8551685810089. cost_min =29157.93451499998  
At time 15, eval_bal=6833.265043000024,eval_mig = 0.0  
		 the different array is = (array([], dtype=int64), array([], dtype=int64)) 
		 the time consuming in SXY is 489.6289737224579. cost_min =27313.286016999977  
At time 16, eval_bal=6823.377965500032,eval_mig = 0.0  
		 the different array is = (array([], dtype=int64), array([], dtype=int64)) 
		 the time consuming in SXY is 486.85837960243225. cost_min =27273.841388999932  
At time 17, eval_bal=6813.542729000021,eval_mig = 0.0  
		 the different array is = (array([], dtype=int64), array([], dtype=int64)) 
		 the time consuming in SXY is 350.4823980331421. cost_min =27243.43885599996  
At time 18, eval_bal=6808.176699000023,eval_mig = 0.0  
		 the different array is = (array([], dtype=int64), array([], dtype=int64)) 
		 the time consuming in SXY is 347.8796806335449. cost_min =50313.66302999979  
At time 0, eval_bal=39986.48625199953,eval_mig = 2.2800000000000002  
		 the different array is = (array([17537, 17537, 48102, 48102]), array([1702, 3975, 2500, 3981])) 
		                         the time consuming in SXY is 472.85688400268555. cost_min =75815.4069879993  
		                         你要的数据：49079.12625199953   
 At time 1, eval_bal=35689.10043999968,eval_mig = 8.26  
		 the different array is = (array([26099, 26099, 28811, 28811, 45592, 45592]), array([ 448, 3256, 1934, 3978, 1934, 3978])) 
		                         the time consuming in SXY is 483.65612721443176. cost_min =71534.18359599984  
		                         你要的数据：68629.98043999968   
 At time 2, eval_bal=35713.37491600015,eval_mig = 0.0  
		 the different array is = (array([], dtype=int64), array([], dtype=int64)) 
		                         the time consuming in SXY is 477.35319089889526. cost_min =71596.82802400028  
		                         你要的数据：35713.37491600015   
 At time 3, eval_bal=35861.58952400011,eval_mig = 2.0  
		 the different array is = (array([27698, 27698, 30106, 30106, 48172, 48172]), array([1040, 3975, 3150, 3986, 1806, 3986])) 
		                         the time consuming in SXY is 473.5963134765625. cost_min =71390.74033000076  
		                         你要的数据：43837.58952400011   
 At time 4, eval_bal=35463.450606000624,eval_mig = 2.0  
		 the different array is = (array([  161,   161, 44538, 44538, 56867, 56867]), array([2901, 3680, 2644, 3982, 1136, 3882])) 
		                         the time consuming in SXY is 474.2767925262451. cost_min =83136.67369200062  
		                         你要的数据：43439.450606000624   
 At time 5, eval_bal=47522.92278299997,eval_mig = 7.760000000000001  
		 the different array is = (array([ 6476,  6476, 17217, 17217, 53958, 53958]), array([ 125, 3929,  554, 3967, 2064, 2898])) 
		                         the time consuming in SXY is 485.4763638973236. cost_min =105631.77901499998  
		                         你要的数据：78469.80278299998   
 At time 6, eval_bal=57898.32646800001,eval_mig = 4.92  
		 the different array is = (array([ 5284,  5284, 15360, 15360, 16599, 16599, 42739, 42739]), array([3574, 3965, 2011, 3861, 1956, 3976,  505, 3861])) 
		                         the time consuming in SXY is 471.9302670955658. cost_min =132516.62000399933  
		                         你要的数据：77519.286468   
 At time 7, eval_bal=74374.35855599928,eval_mig = 11.24  
		 the different array is = (array([ 4706,  4706,  5901,  5901,  5921,  5921, 12780, 12780, 13826,
       13826, 13936, 13936, 42929, 42929, 42931, 42931, 43907, 43907,
       61917, 61917]), array([2201, 3986, 2485, 3715, 2201, 3968, 1957, 3872, 1641, 3550, 3285,
       3986, 3582, 3872, 2789, 3966, 3584, 3966, 3823, 3941])) 
		                         the time consuming in SXY is 472.5435483455658. cost_min =176634.5579489983  
		                         你要的数据：119199.47855599929   
 At time 8, eval_bal=101495.9341959991,eval_mig = 33.05  
		 the different array is = (array([  272,   272,   842,   842,  1980,  1980,  3144,  3144,  6076,
        6076,  8765,  8765, 13991, 13991, 14117, 14117, 16854, 16854,
       26839, 26839, 34181, 34181, 35082, 35082, 35917, 35917, 39821,
       39821, 41655, 41655, 46259, 46259, 47224, 47224, 48540, 48540,
       49285, 49285, 51345, 51345, 55653, 55653, 61290, 61290]), array([2713, 3957, 2888, 3522, 1302, 3957, 1478, 3957, 3852, 3940, 1159,
       3271,  237, 3977,  125, 3932,  756, 3365, 1055, 3983, 3455, 3965,
       2996, 3983, 1209, 3740, 1242, 3932, 2841, 3983,  311, 3957,  843,
       3871, 1761, 3740,  154, 3740,  758, 3740, 2989, 3957, 1029, 3740])) 
		                         the time consuming in SXY is 491.87209272384644. cost_min =207999.8863349987  
		                         你要的数据：233299.33419599908   
 At time 9, eval_bal=105388.51893999966,eval_mig = 38.92999999999999  
		 the different array is = (array([   83,    83,  2401,  2401,  3437,  3437,  4463,  4463,  5711,
        5711,  9832,  9832, 11744, 11744, 11778, 11778, 13258, 13258,
       14060, 14060, 20275, 20275, 21702, 21702, 29925, 29925, 30114,
       30114, 39486, 39486, 44679, 44679, 48039, 48039, 48709, 48709,
       52752, 52752, 53627, 53627, 56345, 56345, 56750, 56750, 57668,
       57668]), array([1487, 3785, 2173, 3785,  108, 2965,  846, 2965, 2790, 3976, 3839,
       3873,  401, 3976, 1308, 2965, 2225, 3007, 2420, 3785, 3476, 3965,
       3950, 3978, 3371, 3965, 2572, 3950,  401, 3785,  721, 3950,  919,
       3776, 1907, 3007,  892, 2965,  466, 3981, 2888, 2965, 2965, 3502,
        756, 3976])) 
		                         the time consuming in SXY is 476.753301858902. cost_min =223994.31648199947  
		                         你要的数据：260641.35893999963   
 At time 10, eval_bal=117280.64711699997,eval_mig = 64.50999999999999  
		 the different array is = (array([  410,   410,   806,   806,  2330,  2330,  3318,  3318,  4691,
        4691,  5703,  5703,  5971,  5971,  8495,  8495, 14568, 14568,
       16228, 16228, 19103, 19103, 19914, 19914, 21509, 21509, 21892,
       21892, 23760, 23760, 26113, 26113, 26755, 26755, 26846, 26846,
       27411, 27411, 27673, 27673, 28121, 28121, 28803, 28803, 29560,
       29560, 37659, 37659, 39015, 39015, 39774, 39774, 41169, 41169,
       42550, 42550, 42769, 42769, 43582, 43582, 52835, 52835, 53585,
       53585, 53655, 53655, 55889, 55889, 60172, 60172, 65450, 65450,
       65598, 65598]), array([ 485, 2944, 3169, 3842,  726, 3975, 3622, 3961, 3889, 3961, 1421,
       3842, 2182, 2944,  227, 3796, 3475, 3842, 3622, 3961,  237, 3979,
       3910, 3922,  740, 3614, 2944, 3065,  965, 3842,  227, 3922,  767,
       3979, 3614, 3938, 2621, 3850, 2834, 3796,  974, 3796, 3029, 3614,
       2867, 3979,   21, 3796, 2506, 3961, 2506, 3922, 2281, 3975,  373,
       3979, 1606, 3796,  721, 3979, 1761, 3842, 3581, 3796, 1584, 3614,
        990, 2944, 2203, 3961, 2944, 3369, 3581, 3796])) 
		                         the time consuming in SXY is 510.7308566570282. cost_min =216952.93414300028  
		                         你要的数据：374546.52711699996   
 At time 11, eval_bal=98115.20417400051,eval_mig = 29.18  
		 the different array is = (array([ 3589,  3589,  7057,  7057, 17305, 17305, 17536, 17536, 18206,
       18206, 29264, 29264, 29909, 29909, 32372, 32372, 33433, 33433,
       35216, 35216, 41666, 41666, 45654, 45654, 46520, 46520, 54646,
       54646, 56612, 56612, 57424, 57424, 57704, 57704, 62485, 62485,
       66041, 66041]), array([1114, 3428, 2996, 3968,  610, 3736, 3032, 3804, 1817, 3932, 3804,
       3841, 2064, 3804,  726, 3956,  552, 3956, 3266, 3619, 3619, 3799,
       1275, 3833,  494, 3968,  767, 3817,  759, 3907, 3266, 3804,  263,
       3804, 1956, 3817,  767, 3956])) 
		                         the time consuming in SXY is 512.3763818740845. cost_min =188764.93146799982  
		                         你要的数据：214485.0441740005   
 At time 12, eval_bal=89948.46959499946,eval_mig = 16.01  
		 the different array is = (array([ 9225,  9225, 14154, 14154, 15032, 15032, 23984, 23984, 27585,
       27585, 36634, 36634, 43582, 43582, 44762, 44762, 46257, 46257,
       52817, 52817, 55332, 55332]), array([2648, 3965, 2876, 3797,  955, 3551, 2052, 3797, 1288, 3797, 2867,
       3986, 3932, 3979,  928, 3932, 2029, 2811, 1463, 2346, 2113, 2811])) 
		                         the time consuming in SXY is 487.2312934398651. cost_min =184996.64361899983  
		                         你要的数据：153796.34959499945   
 At time 13, eval_bal=94651.70693600034,eval_mig = 8.030000000000001  
		 the different array is = (array([ 7922,  7922,  9632,  9632, 13397, 13397, 19914, 19914, 21725,
       21725, 32750, 32750]), array([2996, 3929, 1848, 3884, 1199, 3951, 3922, 3968,  507, 3739, 2659,
       3968])) 
		                         the time consuming in SXY is 472.28629326820374. cost_min =110253.5096070003  
		                         你要的数据：126675.34693600034   
 At time 14, eval_bal=15473.708110999976,eval_mig = 0.0  
		 the different array is = (array([], dtype=int64), array([], dtype=int64)) 
		                         the time consuming in SXY is 477.91642451286316. cost_min =29125.693110999997  
		                         你要的数据：15473.708110999976   
 At time 15, eval_bal=13651.985000000062,eval_mig = 0.0  
		 the different array is = (array([], dtype=int64), array([], dtype=int64)) 
		                         the time consuming in SXY is 486.08952164649963. cost_min =27284.286398999993  
		                         你要的数据：13651.985000000062   
 At time 16, eval_bal=13632.301399000024,eval_mig = 0.0  
		 the different array is = (array([], dtype=int64), array([], dtype=int64)) 
		                         the time consuming in SXY is 486.39988136291504. cost_min =27245.05012299992  
		                         你要的数据：13632.301399000024   
 At time 17, eval_bal=13612.748724000028,eval_mig = 0.0  
		 the different array is = (array([], dtype=int64), array([], dtype=int64)) 
		                         the time consuming in SXY is 350.9078025817871. cost_min =27214.85049399995  
		                         你要的数据：13612.748724000028   
 At time 18, eval_bal=13602.101770000027,eval_mig = 0.0  
		 the different array is = (array([], dtype=int64), array([], dtype=int64)) 
		                         the time consuming in SXY is 346.21657371520996. cost_min =50183.37125699992  
		                         你要的数据：13602.101770000027   
 At time 19, eval_bal=36581.26948699989,eval_mig = 0.0  
		 the different array is = (array([], dtype=int64), array([], dtype=int64)) 
		                         the time consuming in SXY is 515.7884464263916. cost_min =203748.5442649997  
		                         你要的数据：36581.26948699989   
 At time 20, eval_bal=167167.2747779978,eval_mig = 0.0  
		 the different array is = (array([], dtype=int64), array([], dtype=int64)) 
		                         the time consuming in SXY is 493.7563946247101. cost_min =314399.44507400045  
		                         你要的数据：167167.2747779978   
 At time 21, eval_bal=146442.3803800004,eval_mig = 69.42999999999999  
		 the different array is = (array([ 6182,  6182, 11952, 11952, 12388, 12388, 12770, 12770, 13544,
       13544, 14680, 14680, 16753, 16753, 17368, 17368, 20275, 20275,
       20772, 20772, 21907, 21907, 24555, 24555, 25105, 25105, 25910,
       25910, 25911, 25911, 26755, 26755, 27387, 27387, 28601, 28601,
       32487, 32487, 32750, 32750, 39603, 39603, 39795, 39795, 39849,
       39849, 41299, 41299, 41943, 41943, 44195, 44195, 45117, 45117,
       46520, 46520, 48207, 48207, 55396, 55396, 56519, 56519, 56730,
       56730, 60250, 60250, 60573, 60573, 62359, 62359, 62414, 62414,
       62853, 62853, 63255, 63255, 63291, 63291, 63831, 63831, 64436,
       64436, 64477, 64477, 65459, 65459, 66235, 66235]), array([ 321, 3787, 2547, 3539, 3710, 3974, 3167, 3787, 1427, 3919, 2490,
       3920,  992, 3959,  862, 3919, 3964, 3965, 2785, 3332,  237, 3787,
        992, 1722, 3292, 3925, 1943, 3256, 3180, 3831, 3964, 3979, 3530,
       3964,  813, 3787, 2517, 3629, 3256, 3968,  760, 3256,  691, 3941,
        992, 2485,  992, 3205, 1929, 3919,  862, 3982,  174, 3964, 3261,
       3968,   21, 3831, 1887, 3831, 2011, 3261,  960, 3256, 3710, 3819,
        902, 3941, 1749, 3964, 3787, 3894,  767, 3710, 3809, 3941, 2102,
       3920, 2363, 3478, 1288, 3964, 1836, 3710,  228, 3261, 3366, 3919])) 
		                         the time consuming in SXY is 474.03280544281006. cost_min =262972.78446400014  
		                         你要的数据：423329.22038000036   
 At time 22, eval_bal=114901.44225599978,eval_mig = 32.580000000000005  
		 the different array is = (array([ 3799,  3799,  5431,  5431,  6097,  6097,  7000,  7000,  9225,
        9225, 12561, 12561, 12770, 12770, 16097, 16097, 16894, 16894,
       28601, 28601, 34697, 34697, 36289, 36289, 38881, 38881, 42925,
       42925, 44538, 44538, 48102, 48102, 49578, 49578, 49887, 49887,
       60718, 60718]), array([2186, 3786,  519, 1581, 2446, 2873, 2318, 3786, 3165, 3965, 1030,
       3410, 3787, 3963, 1258, 2556,  833, 2556, 3787, 3917,  758, 3921,
        529, 3885,  731, 2556, 3150, 3921, 2556, 3982, 3885, 3981,  820,
       3885, 3804, 3829, 2142, 3927])) 
		                         the time consuming in SXY is 473.9388196468353. cost_min =208519.05284699914  
		                         你要的数据：244830.4822559998   
 At time 23, eval_bal=92886.80441999932,eval_mig = 15.279999999999998  
		 the different array is = (array([13208, 13208, 24607, 24607, 26330, 26330, 27698, 27698, 28014,
       28014, 30776, 30776, 35852, 35852, 51173, 51173, 59884, 59884,
       62215, 62215, 65693, 65693]), array([2600, 3811, 2809, 3319,  515, 3890, 3918, 3975, 3811, 3903, 2522,
       3711, 3224, 3890, 2809, 3981, 1478, 3871, 1189, 2519, 2281, 3811])) 
		                         the time consuming in SXY is 501.35669207572937. cost_min =167675.3839659986  
		                         你要的数据：153823.44441999932   
 At time 24, eval_bal=74377.93908599933,eval_mig = 10.179999999999998  
		 the different array is = (array([ 1091,  1091,  7720,  7720, 42444, 42444, 44538, 44538, 52274,
       52274, 62105, 62105]), array([1951, 3556,  715, 3067,  820, 3959, 2556, 3925, 1761, 2316, 1704,
       3701])) 
		                         the time consuming in SXY is 482.8431062698364. cost_min =142273.1138469994  
		                         你要的数据：114975.77908599933   
 At time 25, eval_bal=67542.41622500017,eval_mig = 11.61  
		 the different array is = (array([12699, 12699, 45569, 45569, 53471, 53471, 59574, 59574, 67427,
       67427]), array([3366, 3824, 1710, 2171, 2720, 3677, 3573, 3952, 2679, 3587])) 
		                         the time consuming in SXY is 480.16677832603455. cost_min =129303.687046  
		                         你要的数据：113843.09622500016   
 At time 26, eval_bal=61423.53017499989,eval_mig = 10.98  
		 the different array is = (array([ 7722,  7722, 31378, 31378, 33719, 33719, 35415, 35415, 42827,
       42827, 64884, 64884]), array([1691, 3822, 3822, 3950,  360, 3568, 2867, 3956,    2, 3822, 1474,
       3423])) 
		                         the time consuming in SXY is 475.1590814590454. cost_min =120422.95079099957  
		                         你要的数据：105211.7701749999   
 At time 27, eval_bal=58784.66379299967,eval_mig = 2.62  
		 the different array is = (array([13936, 13936, 19914, 19914, 57508, 57508]), array([3950, 3986, 3522, 3968, 1644, 1713])) 
		                         the time consuming in SXY is 474.2777316570282. cost_min =122490.51871200016  
		                         你要的数据：69233.22379299968   
 At time 28, eval_bal=63585.589226000484,eval_mig = 4.87  
		 the different array is = (array([28116, 28116, 55577, 55577, 66686, 66686, 66736, 66736]), array([ 429, 1519,  137, 1367, 1709, 2644, 2695, 3165])) 
		                         the time consuming in SXY is 471.51634788513184. cost_min =148293.04477900028  
		                         你要的数据：83007.14922600049   
 At time 29, eval_bal=84544.43509399977,eval_mig = 5.56  
		 the different array is = (array([13208, 13208, 20223, 20223, 42127, 42127, 51846, 51846, 55344,
       55344, 58200, 58200]), array([3791, 3811,  486,  766,  909, 1055, 1025, 3220, 3799, 3982,  434,
       3220])) 
		                         the time consuming in SXY is 473.58620834350586. cost_min =188264.52305900012  
		                         你要的数据：106717.71509399977   
 At time 30, eval_bal=103280.88279300036,eval_mig = 22.28  
		 the different array is = (array([ 1950,  1950,  5454,  5454, 15474, 15474, 20833, 20833, 23291,
       23291, 27767, 27767, 32157, 32157, 42444, 42444, 59028, 59028,
       63836, 63836]), array([2225, 2892,  468, 3624,  395, 3136, 1288, 3944, 2346, 2513, 1965,
       3587, 2892, 3584, 3082, 3959,  556, 2996,  604, 3409])) 
		                         the time consuming in SXY is 471.7500331401825. cost_min =254340.6669610012  
		                         你要的数据：192133.52279300036   
 At time 0, eval_bal=40028.10212799955,eval_mig = 0.0  
		 the different array is = (array([], dtype=int64), array([], dtype=int64)) 
		                         the time consuming in SXY is 190.38641262054443. cost_min =0.0  
		                         你要的数据：40028.10212799955   
 At time 1, eval_bal=35839.07425199974,eval_mig = 0.0  
		 the different array is = (array([], dtype=int64), array([], dtype=int64)) 
		                         the time consuming in SXY is 189.4594259262085. cost_min =0.0  
		                         你要的数据：35839.07425199974   
 At time 2, eval_bal=35828.77857900019,eval_mig = 0.0  
		 the different array is = (array([], dtype=int64), array([], dtype=int64)) 
		                         the time consuming in SXY is 189.05939388275146. cost_min =0.0  
		                         你要的数据：35828.77857900019   
 At time 3, eval_bal=35972.729782000075,eval_mig = 0.0  
		 the different array is = (array([], dtype=int64), array([], dtype=int64)) 
		                         the time consuming in SXY is 189.16455793380737. cost_min =0.0  
		                         你要的数据：35972.729782000075   
 At time 4, eval_bal=35563.47685400062,eval_mig = 0.0  
		 the different array is = (array([], dtype=int64), array([], dtype=int64)) 
		                         the time consuming in SXY is 189.35561299324036. cost_min =0.0  
		                         你要的数据：35563.47685400062   
 At time 5, eval_bal=47770.80131899996,eval_mig = 0.0  
		 the different array is = (array([], dtype=int64), array([], dtype=int64)) 
		                         the time consuming in SXY is 189.26950073242188. cost_min =0.0  
		                         你要的数据：47770.80131899996   
 At time 6, eval_bal=58244.495716000034,eval_mig = 0.0  
		 the different array is = (array([], dtype=int64), array([], dtype=int64)) 
		                         the time consuming in SXY is 189.34578490257263. cost_min =0.0  
		                         你要的数据：58244.495716000034   
 At time 7, eval_bal=74896.59783199936,eval_mig = 0.0  
		 the different array is = (array([], dtype=int64), array([], dtype=int64)) 
		                         the time consuming in SXY is 189.35730385780334. cost_min =0.0  
		                         你要的数据：74896.59783199936   
 At time 8, eval_bal=102519.98562099905,eval_mig = 0.0  
		 the different array is = (array([], dtype=int64), array([], dtype=int64)) 
		                         the time consuming in SXY is 189.0357427597046. cost_min =0.0  
		                         你要的数据：102519.98562099905   
 At time 9, eval_bal=106782.54757599946,eval_mig = 0.0  
		 the different array is = (array([], dtype=int64), array([], dtype=int64)) 
		                         the time consuming in SXY is 189.23830151557922. cost_min =0.0  
		                         你要的数据：106782.54757599946   
 At time 10, eval_bal=119351.59169699994,eval_mig = 0.0  
		 the different array is = (array([], dtype=int64), array([], dtype=int64)) 
		                         the time consuming in SXY is 189.18114113807678. cost_min =0.0  
		                         你要的数据：119351.59169699994   
 At time 11, eval_bal=100247.87419500052,eval_mig = 0.0  
		 the different array is = (array([], dtype=int64), array([], dtype=int64)) 
		                         the time consuming in SXY is 189.23542380332947. cost_min =0.0  
		                         你要的数据：100247.87419500052   
 At time 12, eval_bal=91916.49471399926,eval_mig = 0.0  
		 the different array is = (array([], dtype=int64), array([], dtype=int64)) 
		                         the time consuming in SXY is 189.1748616695404. cost_min =0.0  
		                         你要的数据：91916.49471399926   
 At time 13, eval_bal=96644.0580780002,eval_mig = 0.0  
		 the different array is = (array([], dtype=int64), array([], dtype=int64)) 
		                         the time consuming in SXY is 189.13823246955872. cost_min =0.0  
		                         你要的数据：96644.0580780002   
 At time 14, eval_bal=15584.941250999907,eval_mig = 0.0  
		 the different array is = (array([], dtype=int64), array([], dtype=int64)) 
		                         the time consuming in SXY is 189.9435830116272. cost_min =0.0  
		                         你要的数据：15584.941250999907   
 At time 15, eval_bal=13717.192383000056,eval_mig = 0.0  
		 the different array is = (array([], dtype=int64), array([], dtype=int64)) 
		                         the time consuming in SXY is 190.34842038154602. cost_min =0.0  
		                         你要的数据：13717.192383000056   
 At time 16, eval_bal=13697.596126000053,eval_mig = 0.0  
		 the different array is = (array([], dtype=int64), array([], dtype=int64)) 
		                         the time consuming in SXY is 190.3832972049713. cost_min =0.0  
		                         你要的数据：13697.596126000053   
 At time 17, eval_bal=13678.108668000028,eval_mig = 0.0  
		 the different array is = (array([], dtype=int64), array([], dtype=int64)) 
		                         the time consuming in SXY is 190.19767880439758. cost_min =0.0  
		                         你要的数据：13678.108668000028   
 At time 18, eval_bal=13667.601154000045,eval_mig = 0.0  
		 the different array is = (array([], dtype=int64), array([], dtype=int64)) 
		                         the time consuming in SXY is 190.35020112991333. cost_min =0.0  
		                         你要的数据：13667.601154000045   
 At time 19, eval_bal=37136.955235999594,eval_mig = 0.0  
		 the different array is = (array([], dtype=int64), array([], dtype=int64)) 
		                         the time consuming in SXY is 190.16613030433655. cost_min =0.0  
		                         你要的数据：37136.955235999594   
 At time 20, eval_bal=170551.93909599804,eval_mig = 0.0  
		 the different array is = (array([], dtype=int64), array([], dtype=int64)) 
		                         the time consuming in SXY is 190.28249955177307. cost_min =0.0  
		                         你要的数据：170551.93909599804   
 At time 21, eval_bal=150194.21911699977,eval_mig = 0.0  
		 the different array is = (array([], dtype=int64), array([], dtype=int64)) 
		                         the time consuming in SXY is 190.42621612548828. cost_min =0.0  
		                         你要的数据：150194.21911699977   
 